<?xml version="1.0" encoding="UTF-8"?>
<TestRun id="e716f46e-79ec-4b09-ab1c-306d496ac468" name="Ho Wai Yung@HOWAIYUNG-PC 2012-11-02 15:24:29" runUser="HoWaiYung-PC\Ho Wai Yung" xmlns="http://microsoft.com/schemas/VisualStudio/TeamTest/2010">
  <TestSettings name="Local" id="19f1e08e-e37f-44cb-a353-ec143923a7f4">
    <Description>These are default test settings for a local test run.</Description>
    <Execution>
      <TestTypeSpecific>
        <UnitTestRunConfig testTypeId="13cdc9d9-ddb5-4fa4-a97d-d965ccfc6d4b">
          <AssemblyResolution>
            <TestDirectory useLoadContext="true" />
          </AssemblyResolution>
        </UnitTestRunConfig>
      </TestTypeSpecific>
      <AgentRule name="LocalMachineDefaultRole">
      </AgentRule>
    </Execution>
    <Deployment runDeploymentRoot="Ho Wai Yung_HOWAIYUNG-PC 2012-11-02 15_24_29" />
  </TestSettings>
  <Times creation="2012-11-02T15:24:29.2386551-06:00" queuing="2012-11-02T15:24:30.3027159-06:00" start="2012-11-02T15:24:30.3077162-06:00" finish="2012-11-02T15:24:30.5537303-06:00" />
  <ResultSummary outcome="Failed">
    <Counters total="1" executed="1" error="0" failed="1" timeout="0" aborted="0" inconclusive="0" passedButRunAborted="0" notRunnable="0" notExecuted="0" disconnected="0" warning="0" passed="0" completed="0" inProgress="0" pending="0" />
  </ResultSummary>
  <TestDefinitions>
    <UnitTest name="FindNormalAuthor" storage="f:\dropbox\map\map\bin\debug\map.dll" id="c61b5fbd-1990-718e-6b92-82f56b46c76a">
      <Execution id="7007753d-6916-4698-b1ca-8bfabad19c0b" />
      <TestMethod codeBase="F:/Dropbox/Map/Map/bin/Debug/Map.DLL" adapterTypeName="Microsoft.VisualStudio.TestTools.TestTypes.Unit.UnitTestAdapter, Microsoft.VisualStudio.QualityTools.Tips.UnitTest.Adapter, Version=10.0.0.0, Culture=neutral, PublicKeyToken=b03f5f7f11d50a3a" className="Map.FindKeywordByAuthorTests, Map, Version=1.0.0.0, Culture=neutral, PublicKeyToken=null" name="FindNormalAuthor" />
    </UnitTest>
  </TestDefinitions>
  <TestLists>
    <TestList name="Results Not in a List" id="8c84fa94-04c1-424b-9868-57a2d4851a1d" />
    <TestList name="All Loaded Results" id="19431567-8539-422a-85d7-44ee4e166bda" />
  </TestLists>
  <TestEntries>
    <TestEntry testId="c61b5fbd-1990-718e-6b92-82f56b46c76a" executionId="7007753d-6916-4698-b1ca-8bfabad19c0b" testListId="8c84fa94-04c1-424b-9868-57a2d4851a1d" />
  </TestEntries>
  <Results>
    <UnitTestResult executionId="7007753d-6916-4698-b1ca-8bfabad19c0b" testId="c61b5fbd-1990-718e-6b92-82f56b46c76a" testName="FindNormalAuthor" computerName="HOWAIYUNG-PC" duration="00:00:00.0206277" startTime="2012-11-02T15:24:30.3097163-06:00" endTime="2012-11-02T15:24:30.5437297-06:00" testType="13cdc9d9-ddb5-4fa4-a97d-d965ccfc6d4b" outcome="Failed" testListId="8c84fa94-04c1-424b-9868-57a2d4851a1d" relativeResultsDirectory="7007753d-6916-4698-b1ca-8bfabad19c0b">
      <Output>
        <ErrorInfo>
          <Message>Test method Map.FindKeywordByAuthorTests.FindNormalAuthor threw exception: 
System.NullReferenceException: Object reference not set to an instance of an object.</Message>
          <StackTrace>    at Map.Author..ctor(String existingAuthor) in F:\Dropbox\Map\Map\Author.cs:line 15
   at Map.FindKeywordByAuthorTests.FindNormalAuthor() in F:\Dropbox\Map\Map\FindKeywordByAuthorTests.cs:line 18
</StackTrace>
        </ErrorInfo>
      </Output>
    </UnitTestResult>
  </Results>
</TestRun>